<?xml version="1.0" encoding="UTF-8"?>
<!-- Generated by org.testng.reporters.JUnitXMLReporter -->
<testsuite ignored="0" hostname="venkatas-MBP" failures="0" tests="12" name="Test" time="5.751" errors="0" timestamp="22 Apr 2020 13:46:01 GMT">
  <testcase classname="apitesting.ApiTestsPOST" name="postCreateNewDeckOfCardsTest01" time="3.057"/>
  <testcase classname="apitesting.ApiTestsPOST" name="postCreateNewDeckOfCardsTest02" time="0.292"/>
  <testcase classname="apitesting.ApiTestsGET" name="getCreateNewDeckOfCards01" time="0.218"/>
  <testcase classname="apitesting.ApiTestsGET" name="getCreateNewDeckOfCards02" time="0.215"/>
  <testcase classname="apitesting.ApiTestsGET" name="getDrawOneOrMoreCards03" time="0.261"/>
  <testcase classname="apitesting.ApiTestsGET" name="getDrawOneOrMoreCards04" time="0.518"/>
  <testcase classname="apitesting.ApiTestsGET" name="getDrawOneOrMoreCards05" time="0.217"/>
  <testcase classname="apitesting.ApiTestsGET" name="getDrawOneOrMoreCards06" time="0.212"/>
  <testcase classname="apitesting.ApiTestsGET" name="getDrawOneOrMoreCards07" time="0.229"/>
  <testcase classname="apitesting.ApiTestsGET" name="getDrawOneOrMoreCards08" time="0.162"/>
  <testcase classname="apitesting.ApiTestsGET" name="getDrawOneOrMoreCards09" time="0.161"/>
  <testcase classname="apitesting.ApiTestsGET" name="getDrawOneOrMoreCards10" time="0.166"/>
</testsuite> <!-- Test -->
