<?xml version="1.0" encoding="UTF-8"?>
<testng-results ignored="0" total="12" passed="12" failed="0" skipped="0">
  <reporter-output>
  </reporter-output>
  <suite started-at="2020-04-22T13:45:54Z" name="Suite" finished-at="2020-04-22T13:45:59Z" duration-ms="5751">
    <groups>
    </groups>
    <test started-at="2020-04-22T13:45:54Z" name="Test" finished-at="2020-04-22T13:45:59Z" duration-ms="5751">
      <class name="apitesting.ApiTestsGET">
        <test-method signature="getCreateNewDeckOfCards01()[pri:0, instance:apitesting.ApiTestsGET@ed7f8b4]" started-at="2020-04-22T13:45:57Z" name="getCreateNewDeckOfCards01" finished-at="2020-04-22T13:45:57Z" duration-ms="218" status="PASS">
          <reporter-output>
          </reporter-output>
        </test-method> <!-- getCreateNewDeckOfCards01 -->
        <test-method signature="getCreateNewDeckOfCards02()[pri:0, instance:apitesting.ApiTestsGET@ed7f8b4]" started-at="2020-04-22T13:45:57Z" name="getCreateNewDeckOfCards02" finished-at="2020-04-22T13:45:58Z" duration-ms="215" status="PASS">
          <reporter-output>
          </reporter-output>
        </test-method> <!-- getCreateNewDeckOfCards02 -->
        <test-method signature="getDrawOneOrMoreCards03()[pri:0, instance:apitesting.ApiTestsGET@ed7f8b4]" started-at="2020-04-22T13:45:58Z" name="getDrawOneOrMoreCards03" finished-at="2020-04-22T13:45:58Z" duration-ms="261" status="PASS">
          <reporter-output>
          </reporter-output>
        </test-method> <!-- getDrawOneOrMoreCards03 -->
        <test-method signature="getDrawOneOrMoreCards04()[pri:0, instance:apitesting.ApiTestsGET@ed7f8b4]" started-at="2020-04-22T13:45:58Z" name="getDrawOneOrMoreCards04" finished-at="2020-04-22T13:45:58Z" duration-ms="518" status="PASS">
          <reporter-output>
          </reporter-output>
        </test-method> <!-- getDrawOneOrMoreCards04 -->
        <test-method signature="getDrawOneOrMoreCards05()[pri:0, instance:apitesting.ApiTestsGET@ed7f8b4]" started-at="2020-04-22T13:45:58Z" name="getDrawOneOrMoreCards05" finished-at="2020-04-22T13:45:59Z" duration-ms="217" status="PASS">
          <reporter-output>
          </reporter-output>
        </test-method> <!-- getDrawOneOrMoreCards05 -->
        <test-method signature="getDrawOneOrMoreCards06()[pri:0, instance:apitesting.ApiTestsGET@ed7f8b4]" started-at="2020-04-22T13:45:59Z" name="getDrawOneOrMoreCards06" finished-at="2020-04-22T13:45:59Z" duration-ms="212" status="PASS">
          <reporter-output>
          </reporter-output>
        </test-method> <!-- getDrawOneOrMoreCards06 -->
        <test-method signature="getDrawOneOrMoreCards07()[pri:0, instance:apitesting.ApiTestsGET@ed7f8b4]" started-at="2020-04-22T13:45:59Z" name="getDrawOneOrMoreCards07" finished-at="2020-04-22T13:45:59Z" duration-ms="229" status="PASS">
          <reporter-output>
          </reporter-output>
        </test-method> <!-- getDrawOneOrMoreCards07 -->
        <test-method signature="getDrawOneOrMoreCards08()[pri:0, instance:apitesting.ApiTestsGET@ed7f8b4]" started-at="2020-04-22T13:45:59Z" name="getDrawOneOrMoreCards08" finished-at="2020-04-22T13:45:59Z" duration-ms="162" status="PASS">
          <reporter-output>
          </reporter-output>
        </test-method> <!-- getDrawOneOrMoreCards08 -->
        <test-method signature="getDrawOneOrMoreCards09()[pri:0, instance:apitesting.ApiTestsGET@ed7f8b4]" started-at="2020-04-22T13:45:59Z" name="getDrawOneOrMoreCards09" finished-at="2020-04-22T13:45:59Z" duration-ms="161" status="PASS">
          <reporter-output>
          </reporter-output>
        </test-method> <!-- getDrawOneOrMoreCards09 -->
        <test-method signature="getDrawOneOrMoreCards10()[pri:0, instance:apitesting.ApiTestsGET@ed7f8b4]" started-at="2020-04-22T13:45:59Z" name="getDrawOneOrMoreCards10" finished-at="2020-04-22T13:45:59Z" duration-ms="166" status="PASS">
          <reporter-output>
          </reporter-output>
        </test-method> <!-- getDrawOneOrMoreCards10 -->
      </class> <!-- apitesting.ApiTestsGET -->
      <class name="apitesting.ApiTestsPOST">
        <test-method signature="postCreateNewDeckOfCardsTest01()[pri:0, instance:apitesting.ApiTestsPOST@37271612]" started-at="2020-04-22T13:45:54Z" name="postCreateNewDeckOfCardsTest01" finished-at="2020-04-22T13:45:57Z" duration-ms="3057" status="PASS">
          <reporter-output>
          </reporter-output>
        </test-method> <!-- postCreateNewDeckOfCardsTest01 -->
        <test-method signature="postCreateNewDeckOfCardsTest02()[pri:0, instance:apitesting.ApiTestsPOST@37271612]" started-at="2020-04-22T13:45:57Z" name="postCreateNewDeckOfCardsTest02" finished-at="2020-04-22T13:45:57Z" duration-ms="292" status="PASS">
          <reporter-output>
          </reporter-output>
        </test-method> <!-- postCreateNewDeckOfCardsTest02 -->
      </class> <!-- apitesting.ApiTestsPOST -->
    </test> <!-- Test -->
  </suite> <!-- Suite -->
</testng-results>
